2023-10-04 01:14:18,157 - flask_cors.decorator - DEBUG - Enabling <function create_task at 0x7fe776c74540> for cross_origin using options:{}
2023-10-04 01:14:28,260 - flask_cors.extension - DEBUG - Request to '/api/tasks/' matches CORS resource '/api/*'. Using options: {'origins': ['http://localhost:5173'], 'methods': 'DELETE, GET, HEAD, OPTIONS, PATCH, POST, PUT', 'allow_headers': ['.*'], 'expose_headers': None, 'supports_credentials': False, 'max_age': None, 'send_wildcard': False, 'automatic_options': True, 'vary_header': True, 'resources': {'/api/*': {'origins': 'http://localhost:5173'}}, 'intercept_exceptions': True, 'always_send': True}
2023-10-04 01:14:28,260 - flask_cors.core - DEBUG - CORS request received with 'Origin' http://localhost:5173
2023-10-04 01:14:28,260 - flask_cors.core - DEBUG - The request's Origin header matches. Sending CORS headers.
2023-10-04 01:14:28,260 - flask_cors.core - DEBUG - Settings CORS headers: MultiDict([('Access-Control-Allow-Origin', 'http://localhost:5173'), ('Access-Control-Allow-Headers', 'access-control-allow-origin, content-type'), ('Access-Control-Allow-Methods', 'DELETE, GET, HEAD, OPTIONS, PATCH, POST, PUT')])
2023-10-04 01:14:28,260 - flask_cors.extension - DEBUG - CORS have been already evaluated, skipping
2023-10-04 01:14:32,016 - flask_cors.extension - DEBUG - Request to '/api/tasks/' matches CORS resource '/api/*'. Using options: {'origins': ['http://localhost:5173'], 'methods': 'DELETE, GET, HEAD, OPTIONS, PATCH, POST, PUT', 'allow_headers': ['.*'], 'expose_headers': None, 'supports_credentials': False, 'max_age': None, 'send_wildcard': False, 'automatic_options': True, 'vary_header': True, 'resources': {'/api/*': {'origins': 'http://localhost:5173'}}, 'intercept_exceptions': True, 'always_send': True}
2023-10-04 01:14:32,016 - flask_cors.core - DEBUG - CORS request received with 'Origin' http://localhost:5173
2023-10-04 01:14:32,017 - flask_cors.core - DEBUG - The request's Origin header matches. Sending CORS headers.
2023-10-04 01:14:32,017 - flask_cors.core - DEBUG - Settings CORS headers: MultiDict([('Access-Control-Allow-Origin', 'http://localhost:5173'), ('Access-Control-Allow-Headers', 'access-control-allow-origin, content-type'), ('Access-Control-Allow-Methods', 'DELETE, GET, HEAD, OPTIONS, PATCH, POST, PUT')])
2023-10-04 01:14:32,017 - flask_cors.extension - DEBUG - CORS have been already evaluated, skipping
2023-10-04 01:14:38,492 - flask_cors.extension - DEBUG - Request to '/api/tasks/' matches CORS resource '/api/*'. Using options: {'origins': ['http://localhost:5173'], 'methods': 'DELETE, GET, HEAD, OPTIONS, PATCH, POST, PUT', 'allow_headers': ['.*'], 'expose_headers': None, 'supports_credentials': False, 'max_age': None, 'send_wildcard': False, 'automatic_options': True, 'vary_header': True, 'resources': {'/api/*': {'origins': 'http://localhost:5173'}}, 'intercept_exceptions': True, 'always_send': True}
2023-10-04 01:14:38,492 - flask_cors.core - DEBUG - CORS request received with 'Origin' http://localhost:5173
2023-10-04 01:14:38,492 - flask_cors.core - DEBUG - The request's Origin header matches. Sending CORS headers.
2023-10-04 01:14:38,493 - flask_cors.core - DEBUG - Settings CORS headers: MultiDict([('Access-Control-Allow-Origin', 'http://localhost:5173'), ('Access-Control-Allow-Headers', 'access-control-allow-origin, content-type'), ('Access-Control-Allow-Methods', 'DELETE, GET, HEAD, OPTIONS, PATCH, POST, PUT')])
2023-10-04 01:14:38,493 - flask_cors.extension - DEBUG - CORS have been already evaluated, skipping
2023-10-04 01:15:00,523 - flask_cors.decorator - DEBUG - Enabling <function create_task at 0x7f20517c8540> for cross_origin using options:{}
2023-10-04 01:15:05,125 - flask_cors.extension - DEBUG - Request to '/api/tasks' matches CORS resource '/api/*'. Using options: {'origins': ['http://localhost:5173/'], 'methods': 'DELETE, GET, HEAD, OPTIONS, PATCH, POST, PUT', 'allow_headers': ['.*'], 'expose_headers': None, 'supports_credentials': False, 'max_age': None, 'send_wildcard': False, 'automatic_options': True, 'vary_header': True, 'resources': {'/api/*': {'origins': 'http://localhost:5173/'}}, 'intercept_exceptions': True, 'always_send': True}
2023-10-04 01:15:05,125 - flask_cors.core - DEBUG - CORS request received with 'Origin' http://localhost:5173
2023-10-04 01:15:05,125 - flask_cors.core - DEBUG - The request's Origin header does not match any of allowed origins.
2023-10-04 01:15:05,125 - flask_cors.core - DEBUG - Settings CORS headers: MultiDict([])
2023-10-04 01:15:05,128 - flask_cors.extension - DEBUG - Request to '/api/tasks' matches CORS resource '/api/*'. Using options: {'origins': ['http://localhost:5173/'], 'methods': 'DELETE, GET, HEAD, OPTIONS, PATCH, POST, PUT', 'allow_headers': ['.*'], 'expose_headers': None, 'supports_credentials': False, 'max_age': None, 'send_wildcard': False, 'automatic_options': True, 'vary_header': True, 'resources': {'/api/*': {'origins': 'http://localhost:5173/'}}, 'intercept_exceptions': True, 'always_send': True}
2023-10-04 01:15:05,128 - flask_cors.core - DEBUG - CORS request received with 'Origin' http://localhost:5173
2023-10-04 01:15:05,128 - flask_cors.core - DEBUG - The request's Origin header does not match any of allowed origins.
2023-10-04 01:15:05,128 - flask_cors.core - DEBUG - Settings CORS headers: MultiDict([])
2023-10-04 01:15:05,131 - flask_cors.extension - DEBUG - Request to '/api/tasks' matches CORS resource '/api/*'. Using options: {'origins': ['http://localhost:5173/'], 'methods': 'DELETE, GET, HEAD, OPTIONS, PATCH, POST, PUT', 'allow_headers': ['.*'], 'expose_headers': None, 'supports_credentials': False, 'max_age': None, 'send_wildcard': False, 'automatic_options': True, 'vary_header': True, 'resources': {'/api/*': {'origins': 'http://localhost:5173/'}}, 'intercept_exceptions': True, 'always_send': True}
2023-10-04 01:15:05,131 - flask_cors.core - DEBUG - CORS request received with 'Origin' http://localhost:5173
2023-10-04 01:15:05,131 - flask_cors.core - DEBUG - The request's Origin header does not match any of allowed origins.
2023-10-04 01:15:05,131 - flask_cors.core - DEBUG - Settings CORS headers: MultiDict([])
2023-10-04 01:15:08,786 - flask_cors.decorator - DEBUG - Enabling <function create_task at 0x7ff19137c540> for cross_origin using options:{}
2023-10-04 01:15:14,241 - flask_cors.decorator - DEBUG - Enabling <function create_task at 0x7f42f78f0540> for cross_origin using options:{}
2023-10-04 01:15:14,457 - flask_cors.decorator - DEBUG - Enabling <function create_task at 0x7fa138fcc540> for cross_origin using options:{}
2023-10-04 01:15:17,575 - flask_cors.extension - DEBUG - Request to '/api/tasks' matches CORS resource '/api/*'. Using options: {'origins': ['http://localhost:5173/'], 'methods': 'DELETE, GET, HEAD, OPTIONS, PATCH, POST, PUT', 'allow_headers': ['.*'], 'expose_headers': None, 'supports_credentials': False, 'max_age': None, 'send_wildcard': False, 'automatic_options': True, 'vary_header': True, 'resources': {'/api/*': {'origins': 'http://localhost:5173/'}}, 'intercept_exceptions': True, 'always_send': True}
2023-10-04 01:15:17,575 - flask_cors.core - DEBUG - CORS request received with 'Origin' http://localhost:5173
2023-10-04 01:15:17,575 - flask_cors.core - DEBUG - The request's Origin header does not match any of allowed origins.
2023-10-04 01:15:17,576 - flask_cors.core - DEBUG - Settings CORS headers: MultiDict([])
2023-10-04 01:15:17,584 - flask_cors.extension - DEBUG - Request to '/api/tasks' matches CORS resource '/api/*'. Using options: {'origins': ['http://localhost:5173/'], 'methods': 'DELETE, GET, HEAD, OPTIONS, PATCH, POST, PUT', 'allow_headers': ['.*'], 'expose_headers': None, 'supports_credentials': False, 'max_age': None, 'send_wildcard': False, 'automatic_options': True, 'vary_header': True, 'resources': {'/api/*': {'origins': 'http://localhost:5173/'}}, 'intercept_exceptions': True, 'always_send': True}
2023-10-04 01:15:17,585 - flask_cors.core - DEBUG - CORS request received with 'Origin' http://localhost:5173
2023-10-04 01:15:17,585 - flask_cors.core - DEBUG - The request's Origin header does not match any of allowed origins.
2023-10-04 01:15:17,585 - flask_cors.core - DEBUG - Settings CORS headers: MultiDict([])
2023-10-04 01:15:17,589 - flask_cors.extension - DEBUG - Request to '/api/tasks' matches CORS resource '/api/*'. Using options: {'origins': ['http://localhost:5173/'], 'methods': 'DELETE, GET, HEAD, OPTIONS, PATCH, POST, PUT', 'allow_headers': ['.*'], 'expose_headers': None, 'supports_credentials': False, 'max_age': None, 'send_wildcard': False, 'automatic_options': True, 'vary_header': True, 'resources': {'/api/*': {'origins': 'http://localhost:5173/'}}, 'intercept_exceptions': True, 'always_send': True}
2023-10-04 01:15:17,589 - flask_cors.core - DEBUG - CORS request received with 'Origin' http://localhost:5173
2023-10-04 01:15:17,590 - flask_cors.core - DEBUG - The request's Origin header does not match any of allowed origins.
2023-10-04 01:15:17,590 - flask_cors.core - DEBUG - Settings CORS headers: MultiDict([])
2023-10-04 01:15:20,018 - flask_cors.extension - DEBUG - Request to '/api/tasks' matches CORS resource '/api/*'. Using options: {'origins': ['http://localhost:5173/'], 'methods': 'DELETE, GET, HEAD, OPTIONS, PATCH, POST, PUT', 'allow_headers': ['.*'], 'expose_headers': None, 'supports_credentials': False, 'max_age': None, 'send_wildcard': False, 'automatic_options': True, 'vary_header': True, 'resources': {'/api/*': {'origins': 'http://localhost:5173/'}}, 'intercept_exceptions': True, 'always_send': True}
2023-10-04 01:15:20,018 - flask_cors.core - DEBUG - CORS request received with 'Origin' http://localhost:5173
2023-10-04 01:15:20,018 - flask_cors.core - DEBUG - The request's Origin header does not match any of allowed origins.
2023-10-04 01:15:20,018 - flask_cors.core - DEBUG - Settings CORS headers: MultiDict([])
2023-10-04 01:15:20,021 - flask_cors.extension - DEBUG - Request to '/api/tasks' matches CORS resource '/api/*'. Using options: {'origins': ['http://localhost:5173/'], 'methods': 'DELETE, GET, HEAD, OPTIONS, PATCH, POST, PUT', 'allow_headers': ['.*'], 'expose_headers': None, 'supports_credentials': False, 'max_age': None, 'send_wildcard': False, 'automatic_options': True, 'vary_header': True, 'resources': {'/api/*': {'origins': 'http://localhost:5173/'}}, 'intercept_exceptions': True, 'always_send': True}
2023-10-04 01:15:20,021 - flask_cors.core - DEBUG - CORS request received with 'Origin' http://localhost:5173
2023-10-04 01:15:20,021 - flask_cors.core - DEBUG - The request's Origin header does not match any of allowed origins.
2023-10-04 01:15:20,021 - flask_cors.core - DEBUG - Settings CORS headers: MultiDict([])
2023-10-04 01:15:20,023 - flask_cors.extension - DEBUG - Request to '/api/tasks' matches CORS resource '/api/*'. Using options: {'origins': ['http://localhost:5173/'], 'methods': 'DELETE, GET, HEAD, OPTIONS, PATCH, POST, PUT', 'allow_headers': ['.*'], 'expose_headers': None, 'supports_credentials': False, 'max_age': None, 'send_wildcard': False, 'automatic_options': True, 'vary_header': True, 'resources': {'/api/*': {'origins': 'http://localhost:5173/'}}, 'intercept_exceptions': True, 'always_send': True}
2023-10-04 01:15:20,023 - flask_cors.core - DEBUG - CORS request received with 'Origin' http://localhost:5173
2023-10-04 01:15:20,023 - flask_cors.core - DEBUG - The request's Origin header does not match any of allowed origins.
2023-10-04 01:15:20,023 - flask_cors.core - DEBUG - Settings CORS headers: MultiDict([])
2023-10-04 01:15:22,750 - flask_cors.decorator - DEBUG - Enabling <function create_task at 0x7fc2f9908540> for cross_origin using options:{}
2023-10-04 01:15:24,962 - flask_cors.extension - DEBUG - Request to '/api/tasks' matches CORS resource '/api/*'. Using options: {'origins': ['http://localhost:5173'], 'methods': 'DELETE, GET, HEAD, OPTIONS, PATCH, POST, PUT', 'allow_headers': ['.*'], 'expose_headers': None, 'supports_credentials': False, 'max_age': None, 'send_wildcard': False, 'automatic_options': True, 'vary_header': True, 'resources': {'/api/*': {'origins': 'http://localhost:5173'}}, 'intercept_exceptions': True, 'always_send': True}
2023-10-04 01:15:24,962 - flask_cors.core - DEBUG - CORS request received with 'Origin' http://localhost:5173
2023-10-04 01:15:24,962 - flask_cors.core - DEBUG - The request's Origin header matches. Sending CORS headers.
2023-10-04 01:15:24,962 - flask_cors.core - DEBUG - Settings CORS headers: MultiDict([('Access-Control-Allow-Origin', 'http://localhost:5173')])
2023-10-04 01:15:24,965 - flask_cors.extension - DEBUG - Request to '/api/tasks' matches CORS resource '/api/*'. Using options: {'origins': ['http://localhost:5173'], 'methods': 'DELETE, GET, HEAD, OPTIONS, PATCH, POST, PUT', 'allow_headers': ['.*'], 'expose_headers': None, 'supports_credentials': False, 'max_age': None, 'send_wildcard': False, 'automatic_options': True, 'vary_header': True, 'resources': {'/api/*': {'origins': 'http://localhost:5173'}}, 'intercept_exceptions': True, 'always_send': True}
2023-10-04 01:15:24,965 - flask_cors.core - DEBUG - CORS request received with 'Origin' http://localhost:5173
2023-10-04 01:15:24,965 - flask_cors.core - DEBUG - The request's Origin header matches. Sending CORS headers.
2023-10-04 01:15:24,966 - flask_cors.core - DEBUG - Settings CORS headers: MultiDict([('Access-Control-Allow-Origin', 'http://localhost:5173')])
2023-10-04 01:15:31,360 - flask_cors.extension - DEBUG - Request to '/api/tasks/' matches CORS resource '/api/*'. Using options: {'origins': ['http://localhost:5173'], 'methods': 'DELETE, GET, HEAD, OPTIONS, PATCH, POST, PUT', 'allow_headers': ['.*'], 'expose_headers': None, 'supports_credentials': False, 'max_age': None, 'send_wildcard': False, 'automatic_options': True, 'vary_header': True, 'resources': {'/api/*': {'origins': 'http://localhost:5173'}}, 'intercept_exceptions': True, 'always_send': True}
2023-10-04 01:15:31,360 - flask_cors.core - DEBUG - CORS request received with 'Origin' http://localhost:5173
2023-10-04 01:15:31,360 - flask_cors.core - DEBUG - The request's Origin header matches. Sending CORS headers.
2023-10-04 01:15:31,360 - flask_cors.core - DEBUG - Settings CORS headers: MultiDict([('Access-Control-Allow-Origin', 'http://localhost:5173'), ('Access-Control-Allow-Headers', 'access-control-allow-origin, content-type'), ('Access-Control-Allow-Methods', 'DELETE, GET, HEAD, OPTIONS, PATCH, POST, PUT')])
2023-10-04 01:15:31,361 - flask_cors.extension - DEBUG - CORS have been already evaluated, skipping
2023-10-04 01:15:36,048 - flask_cors.extension - DEBUG - Request to '/api/tasks/' matches CORS resource '/api/*'. Using options: {'origins': ['http://localhost:5173'], 'methods': 'DELETE, GET, HEAD, OPTIONS, PATCH, POST, PUT', 'allow_headers': ['.*'], 'expose_headers': None, 'supports_credentials': False, 'max_age': None, 'send_wildcard': False, 'automatic_options': True, 'vary_header': True, 'resources': {'/api/*': {'origins': 'http://localhost:5173'}}, 'intercept_exceptions': True, 'always_send': True}
2023-10-04 01:15:36,048 - flask_cors.core - DEBUG - CORS request received with 'Origin' http://localhost:5173
2023-10-04 01:15:36,048 - flask_cors.core - DEBUG - The request's Origin header matches. Sending CORS headers.
2023-10-04 01:15:36,048 - flask_cors.core - DEBUG - Settings CORS headers: MultiDict([('Access-Control-Allow-Origin', 'http://localhost:5173'), ('Access-Control-Allow-Headers', 'access-control-allow-origin, content-type'), ('Access-Control-Allow-Methods', 'DELETE, GET, HEAD, OPTIONS, PATCH, POST, PUT')])
2023-10-04 01:15:36,049 - flask_cors.extension - DEBUG - CORS have been already evaluated, skipping
2023-10-04 01:15:37,404 - flask_cors.extension - DEBUG - Request to '/api/tasks/' matches CORS resource '/api/*'. Using options: {'origins': ['http://localhost:5173'], 'methods': 'DELETE, GET, HEAD, OPTIONS, PATCH, POST, PUT', 'allow_headers': ['.*'], 'expose_headers': None, 'supports_credentials': False, 'max_age': None, 'send_wildcard': False, 'automatic_options': True, 'vary_header': True, 'resources': {'/api/*': {'origins': 'http://localhost:5173'}}, 'intercept_exceptions': True, 'always_send': True}
2023-10-04 01:15:37,404 - flask_cors.core - DEBUG - CORS request received with 'Origin' http://localhost:5173
2023-10-04 01:15:37,404 - flask_cors.core - DEBUG - The request's Origin header matches. Sending CORS headers.
2023-10-04 01:15:37,404 - flask_cors.core - DEBUG - Settings CORS headers: MultiDict([('Access-Control-Allow-Origin', 'http://localhost:5173'), ('Access-Control-Allow-Headers', 'access-control-allow-origin, content-type'), ('Access-Control-Allow-Methods', 'DELETE, GET, HEAD, OPTIONS, PATCH, POST, PUT')])
2023-10-04 01:15:37,404 - flask_cors.extension - DEBUG - CORS have been already evaluated, skipping
